11-03 09:21:57 com_github_MitjaNemec_ReplicateLayout.action_replicate_layout 409:Plugin executed on: 'darwin'
11-03 09:21:57 com_github_MitjaNemec_ReplicateLayout.action_replicate_layout 410:Plugin executed with python version: '3.9.13 (v3.9.13:6de2ca5339, May 17 2022, 11:37:23) \n[Clang 13.0.0 (clang-1300.0.29.30)]'
11-03 09:21:57 com_github_MitjaNemec_ReplicateLayout.action_replicate_layout 411:KiCad build version: 9.0.4
11-03 09:21:57 com_github_MitjaNemec_ReplicateLayout.action_replicate_layout 412:Plugin version: 4.0.3
11-03 09:21:57 com_github_MitjaNemec_ReplicateLayout.action_replicate_layout 413:Frame repr: <wx._core.Frame object at 0x16aa745e0>
11-03 09:21:57 com_github_MitjaNemec_ReplicateLayout.action_replicate_layout 437:Preparing replicator with IC7 as a reference
11-03 09:21:57 com_github_MitjaNemec_ReplicateLayout.replicate_layout 117:getting a list of all footprints on board
11-03 09:21:57 com_github_MitjaNemec_ReplicateLayout.action_replicate_layout 485:source anchor footprint is 'IC7'
Located on: ['/TX_Channel0/']
With filenames: ['untitled.kicad_sch']
With sheet_id:['/TX_Channel0/']
11-03 09:21:57 com_github_MitjaNemec_ReplicateLayout.action_replicate_layout 492:Corresponding footprints are 
[('IC13', ['/TX_Channel3/']), ('IC11', ['/TX_Channel2/']), ('IC7', ['/TX_Channel0/']), ('IC9', ['/TX_Channel1/'])]
11-03 09:21:57 com_github_MitjaNemec_ReplicateLayout.action_replicate_layout 504:Showing dialog
11-03 09:21:57 com_github_MitjaNemec_ReplicateLayout.replicate_layout 472:constructing a list of sheets suitable for replication on level:'/TX_Channel0/', file:'untitled.kicad_sch'
11-03 09:21:57 com_github_MitjaNemec_ReplicateLayout.replicate_layout 509:suitable sheets are:[['/TX_Channel1/'], ['/TX_Channel2/'], ['/TX_Channel3/']]
11-03 09:21:57 com_github_MitjaNemec_ReplicateLayout.replicate_layout 1512:Level selected: ['/TX_Channel0/']
11-03 09:21:57 com_github_MitjaNemec_ReplicateLayout.replicate_layout 1336:Filtering list of tracks
11-03 09:21:57 com_github_MitjaNemec_ReplicateLayout.action_replicate_layout 510:Toolbar position: wx.Point(1261, 134)
11-03 09:21:57 com_github_MitjaNemec_ReplicateLayout.action_replicate_layout 515:Dialog position: wx.Point(822, 134)
11-03 09:22:04 com_github_MitjaNemec_ReplicateLayout.replicate_layout 472:constructing a list of sheets suitable for replication on level:'/TX_Channel0/', file:'untitled.kicad_sch'
11-03 09:22:04 com_github_MitjaNemec_ReplicateLayout.replicate_layout 509:suitable sheets are:[['/TX_Channel1/'], ['/TX_Channel2/'], ['/TX_Channel3/']]
11-03 09:22:04 com_github_MitjaNemec_ReplicateLayout.replicate_layout 1512:Level selected: ['/TX_Channel0/']
11-03 09:22:05 com_github_MitjaNemec_ReplicateLayout.replicate_layout 472:constructing a list of sheets suitable for replication on level:'/TX_Channel0/', file:'untitled.kicad_sch'
11-03 09:22:05 com_github_MitjaNemec_ReplicateLayout.replicate_layout 509:suitable sheets are:[['/TX_Channel1/'], ['/TX_Channel2/'], ['/TX_Channel3/']]
11-03 09:22:05 com_github_MitjaNemec_ReplicateLayout.replicate_layout 1512:Level selected: ['/TX_Channel0/']
11-03 09:22:05 com_github_MitjaNemec_ReplicateLayout.replicate_layout 1336:Filtering list of tracks
11-03 09:22:06 com_github_MitjaNemec_ReplicateLayout.replicate_layout 472:constructing a list of sheets suitable for replication on level:'/TX_Channel0/', file:'untitled.kicad_sch'
11-03 09:22:06 com_github_MitjaNemec_ReplicateLayout.replicate_layout 509:suitable sheets are:[['/TX_Channel1/'], ['/TX_Channel2/'], ['/TX_Channel3/']]
11-03 09:22:06 com_github_MitjaNemec_ReplicateLayout.replicate_layout 1512:Level selected: ['/TX_Channel0/']
11-03 09:22:07 com_github_MitjaNemec_ReplicateLayout.replicate_layout 472:constructing a list of sheets suitable for replication on level:'/TX_Channel0/', file:'untitled.kicad_sch'
11-03 09:22:07 com_github_MitjaNemec_ReplicateLayout.replicate_layout 509:suitable sheets are:[['/TX_Channel1/'], ['/TX_Channel2/'], ['/TX_Channel3/']]
11-03 09:22:07 com_github_MitjaNemec_ReplicateLayout.replicate_layout 1512:Level selected: ['/TX_Channel0/']
11-03 09:22:07 com_github_MitjaNemec_ReplicateLayout.replicate_layout 1336:Filtering list of tracks
11-03 09:22:31 com_github_MitjaNemec_ReplicateLayout.replicate_layout 472:constructing a list of sheets suitable for replication on level:'/TX_Channel0/', file:'untitled.kicad_sch'
11-03 09:22:31 com_github_MitjaNemec_ReplicateLayout.replicate_layout 509:suitable sheets are:[['/TX_Channel1/'], ['/TX_Channel2/'], ['/TX_Channel3/']]
11-03 09:22:31 com_github_MitjaNemec_ReplicateLayout.replicate_layout 1512:Level selected: ['/TX_Channel0/']
11-03 09:22:33 com_github_MitjaNemec_ReplicateLayout.replicate_layout 472:constructing a list of sheets suitable for replication on level:'/TX_Channel0/', file:'untitled.kicad_sch'
11-03 09:22:33 com_github_MitjaNemec_ReplicateLayout.replicate_layout 509:suitable sheets are:[['/TX_Channel1/'], ['/TX_Channel2/'], ['/TX_Channel3/']]
11-03 09:22:33 com_github_MitjaNemec_ReplicateLayout.replicate_layout 1512:Level selected: ['/TX_Channel0/']
11-03 09:22:33 com_github_MitjaNemec_ReplicateLayout.replicate_layout 1336:Filtering list of tracks
11-03 09:22:34 com_github_MitjaNemec_ReplicateLayout.replicate_layout 472:constructing a list of sheets suitable for replication on level:'/TX_Channel0/', file:'untitled.kicad_sch'
11-03 09:22:34 com_github_MitjaNemec_ReplicateLayout.replicate_layout 509:suitable sheets are:[['/TX_Channel1/'], ['/TX_Channel2/'], ['/TX_Channel3/']]
11-03 09:22:34 com_github_MitjaNemec_ReplicateLayout.replicate_layout 1512:Level selected: ['/TX_Channel0/']
11-03 09:22:34 com_github_MitjaNemec_ReplicateLayout.replicate_layout 472:constructing a list of sheets suitable for replication on level:'/TX_Channel0/', file:'untitled.kicad_sch'
11-03 09:22:34 com_github_MitjaNemec_ReplicateLayout.replicate_layout 509:suitable sheets are:[['/TX_Channel1/'], ['/TX_Channel2/'], ['/TX_Channel3/']]
11-03 09:22:34 com_github_MitjaNemec_ReplicateLayout.replicate_layout 1512:Level selected: ['/TX_Channel0/']
11-03 09:22:34 com_github_MitjaNemec_ReplicateLayout.replicate_layout 1336:Filtering list of tracks
11-03 09:22:35 com_github_MitjaNemec_ReplicateLayout.replicate_layout 472:constructing a list of sheets suitable for replication on level:'/TX_Channel0/', file:'untitled.kicad_sch'
11-03 09:22:35 com_github_MitjaNemec_ReplicateLayout.replicate_layout 509:suitable sheets are:[['/TX_Channel1/'], ['/TX_Channel2/'], ['/TX_Channel3/']]
11-03 09:22:35 com_github_MitjaNemec_ReplicateLayout.replicate_layout 1512:Level selected: ['/TX_Channel0/']
11-03 09:22:35 com_github_MitjaNemec_ReplicateLayout.replicate_layout 1336:Filtering list of tracks
11-03 09:22:36 com_github_MitjaNemec_ReplicateLayout.replicate_layout 472:constructing a list of sheets suitable for replication on level:'/TX_Channel0/', file:'untitled.kicad_sch'
11-03 09:22:36 com_github_MitjaNemec_ReplicateLayout.replicate_layout 509:suitable sheets are:[['/TX_Channel1/'], ['/TX_Channel2/'], ['/TX_Channel3/']]
11-03 09:22:36 com_github_MitjaNemec_ReplicateLayout.replicate_layout 1512:Level selected: ['/TX_Channel0/']
11-03 09:22:36 com_github_MitjaNemec_ReplicateLayout.replicate_layout 1336:Filtering list of tracks
11-03 09:22:36 com_github_MitjaNemec_ReplicateLayout.replicate_layout 472:constructing a list of sheets suitable for replication on level:'/TX_Channel0/', file:'untitled.kicad_sch'
11-03 09:22:36 com_github_MitjaNemec_ReplicateLayout.replicate_layout 509:suitable sheets are:[['/TX_Channel1/'], ['/TX_Channel2/'], ['/TX_Channel3/']]
11-03 09:22:37 com_github_MitjaNemec_ReplicateLayout.replicate_layout 1512:Level selected: ['/TX_Channel0/']
11-03 09:22:37 com_github_MitjaNemec_ReplicateLayout.replicate_layout 1336:Filtering list of tracks
11-03 09:22:37 com_github_MitjaNemec_ReplicateLayout.replicate_layout 472:constructing a list of sheets suitable for replication on level:'/TX_Channel0/', file:'untitled.kicad_sch'
11-03 09:22:37 com_github_MitjaNemec_ReplicateLayout.replicate_layout 509:suitable sheets are:[['/TX_Channel1/'], ['/TX_Channel2/'], ['/TX_Channel3/']]
11-03 09:22:37 com_github_MitjaNemec_ReplicateLayout.replicate_layout 1512:Level selected: ['/TX_Channel0/']
11-03 09:22:37 com_github_MitjaNemec_ReplicateLayout.replicate_layout 1336:Filtering list of tracks
11-03 09:22:40 com_github_MitjaNemec_ReplicateLayout.action_replicate_layout 329:User canceled the dialog
